<?xml version="1.0" encoding="UTF-8"?>
<!-- Generated by org.testng.reporters.JUnitReportReporter -->
<testsuite hostname="REZA" failures="1" tests="15" name="runners.TestRunner" time="185.771" errors="0" timestamp="2026-05-25T23:26:10 EDT" skipped="0">
  <testcase classname="runners.TestRunner" name="runScenario" time="36.164"/>
  <testcase classname="runners.TestRunner" name="runScenario" time="15.605"/>
  <testcase classname="runners.TestRunner" name="runScenario" time="15.759"/>
  <testcase classname="runners.TestRunner" name="runScenario" time="5.380"/>
  <testcase classname="runners.TestRunner" name="runScenario" time="9.190"/>
  <testcase classname="runners.TestRunner" name="runScenario" time="13.700"/>
  <testcase classname="runners.TestRunner" name="runScenario" time="3.527"/>
  <testcase classname="runners.TestRunner" name="runScenario" time="12.815"/>
  <testcase classname="runners.TestRunner" name="runScenario" time="4.235"/>
  <testcase classname="runners.TestRunner" name="runScenario" time="1.891"/>
  <testcase classname="runners.TestRunner" name="runScenario" time="11.354"/>
  <testcase classname="runners.TestRunner" name="runScenario" time="6.051"/>
  <testcase classname="runners.TestRunner" name="runScenario" time="9.205">
    <failure message="❌ No products found in cart after adding expected [true] but found [false]" type="java.lang.AssertionError">
      <![CDATA[java.lang.AssertionError: ❌ No products found in cart after adding expected [true] but found [false]
at org.testng.Assert.fail(Assert.java:111)
at org.testng.Assert.failNotEquals(Assert.java:1578)
at org.testng.Assert.assertTrue(Assert.java:57)
at stepdefinitions.CommonSteps.products_should_be_added_successfully(CommonSteps.java:78)
at ✽.Products should be added successfully(file:///C:/Users/rezau/eclipse-workspace/qaBrainsAutomationPlaywright/qaBrainsAutomationPlaywright/qaBrainsAutomationPlaywright/src/test/resources/features/RegressionTests.feature:10)
]]>
    </failure>
  </testcase> <!-- runScenario -->
  <testcase classname="runners.TestRunner" name="runScenario" time="31.686"/>
  <testcase classname="runners.TestRunner" name="runScenario" time="9.209"/>
</testsuite> <!-- runners.TestRunner -->
